Hmm ... looks like a package
This is pdfTeX, Version 3.14159265-2.6-1.40.16 (TeX Live 2015) (preloaded format=pdflatex)
 restricted \write18 enabled.
entering extended mode
(./Rd2.tex
LaTeX2e <2016/03/31>
Babel <3.9q> and hyphenation patterns for 81 language(s) loaded.

(/apps/texlive/2015/texmf-dist/tex/latex/base/book.cls
Document Class: book 2014/09/29 v1.4h Standard LaTeX document class
(/apps/texlive/2015/texmf-dist/tex/latex/base/bk10.clo))
(/apps/R/3.6.1/lib64/R/share/texmf/tex/latex/Rd.sty
(/apps/texlive/2015/texmf-dist/tex/latex/base/ifthen.sty)
(/apps/texlive/2015/texmf-dist/tex/latex/tools/longtable.sty)
(/apps/texlive/2015/texmf-dist/tex/latex/tools/bm.sty)
(/apps/texlive/2015/texmf-dist/tex/latex/base/alltt.sty)
(/apps/texlive/2015/texmf-dist/tex/latex/tools/verbatim.sty)
(/apps/texlive/2015/texmf-dist/tex/latex/url/url.sty)
(/apps/texlive/2015/texmf-dist/tex/latex/base/textcomp.sty
(/apps/texlive/2015/texmf-dist/tex/latex/base/ts1enc.def))
(/apps/texlive/2015/texmf-dist/tex/latex/base/fontenc.sty
(/apps/texlive/2015/texmf-dist/tex/latex/base/t1enc.def))
(/apps/texlive/2015/texmf-dist/tex/latex/psnfss/times.sty)
(/apps/texlive/2015/texmf-dist/tex/latex/inconsolata/zi4.sty
`inconsolata-zi4' v1.10, 2016/02/22 Text macros for Inconsolata (msharpe)
(/apps/texlive/2015/texmf-dist/tex/latex/graphics/keyval.sty))
(/apps/texlive/2015/texmf-dist/tex/latex/graphics/color.sty
(/apps/texlive/2015/texmf-dist/tex/latex/latexconfig/color.cfg)
(/apps/texlive/2015/texmf-dist/tex/latex/pdftex-def/pdftex.def
(/apps/texlive/2015/texmf-dist/tex/generic/oberdiek/infwarerr.sty)
(/apps/texlive/2015/texmf-dist/tex/generic/oberdiek/ltxcmds.sty)))
(/apps/texlive/2015/texmf-dist/tex/latex/hyperref/hyperref.sty
(/apps/texlive/2015/texmf-dist/tex/generic/oberdiek/hobsub-hyperref.sty
(/apps/texlive/2015/texmf-dist/tex/generic/oberdiek/hobsub-generic.sty))
(/apps/texlive/2015/texmf-dist/tex/generic/ifxetex/ifxetex.sty)
(/apps/texlive/2015/texmf-dist/tex/latex/oberdiek/auxhook.sty)
(/apps/texlive/2015/texmf-dist/tex/latex/oberdiek/kvoptions.sty)
(/apps/texlive/2015/texmf-dist/tex/latex/hyperref/pd1enc.def)
(/apps/texlive/2015/texmf-dist/tex/latex/latexconfig/hyperref.cfg))

Package hyperref Message: Driver (autodetected): hpdftex.

(/apps/texlive/2015/texmf-dist/tex/latex/hyperref/hpdftex.def
(/apps/texlive/2015/texmf-dist/tex/latex/oberdiek/rerunfilecheck.sty))

Package hyperref Warning: Option `hyperindex' has already been used,
(hyperref)                setting the option has no effect on input line 377.


Package hyperref Warning: Option `pagebackref' has already been used,
(hyperref)                setting the option has no effect on input line 377.

) (/apps/texlive/2015/texmf-dist/tex/latex/base/makeidx.sty)
(/apps/texlive/2015/texmf-dist/tex/latex/base/inputenc.sty
(/apps/texlive/2015/texmf-dist/tex/latex/base/utf8.def
(/apps/texlive/2015/texmf-dist/tex/latex/base/t1enc.dfu)
(/apps/texlive/2015/texmf-dist/tex/latex/base/ot1enc.dfu)
(/apps/texlive/2015/texmf-dist/tex/latex/base/omsenc.dfu)
(/apps/texlive/2015/texmf-dist/tex/latex/base/ts1enc.dfu))
(/apps/texlive/2015/texmf-dist/tex/latex/base/latin1.def))
Writing index file Rd2.idx
No file Rd2.aux.
(/apps/texlive/2015/texmf-dist/tex/latex/base/ts1cmr.fd)
(/apps/texlive/2015/texmf-dist/tex/latex/psnfss/t1ptm.fd)
(/apps/texlive/2015/texmf-dist/tex/context/base/supp-pdf.mkii
[Loading MPS to PDF converter (version 2006.09.02).]
) (/apps/texlive/2015/texmf-dist/tex/latex/hyperref/nameref.sty
(/apps/texlive/2015/texmf-dist/tex/generic/oberdiek/gettitlestring.sty))
(/apps/texlive/2015/texmf-dist/tex/latex/inconsolata/t1zi4.fd)
(/apps/texlive/2015/texmf-dist/tex/latex/psnfss/t1phv.fd)
(/apps/texlive/2015/texmf-dist/tex/latex/base/utf8.def) [1{/apps/texlive/2015/t
exmf-var/fonts/map/pdftex/updmap/pdftex.map}]
(/apps/texlive/2015/texmf-dist/tex/latex/base/utf8.def)
Overfull \hbox (86.20477pt too wide) in paragraph at lines 75--76
[]\T1/ptm/m/n/10 Implements the sym-met-ric eigen-value de-com-po-si-tion us-in
g the MAGMA li-brary (http://icl.cs.utk.edu/magma/index.html)
[2]
Overfull \hbox (20.39626pt too wide) in paragraph at lines 77--80
[]\T1/ptm/m/n/10 Compilation of the R pack-age the 'client side' code: Op-tion-
ally set MAGMA_HOME and CUDA_ROOT

Overfull \hbox (97.43506pt too wide) in paragraph at lines 82--88
\T1/ptm/m/n/10 be-ing run on. The de-fault plat-form string is stored in a file
 in <R li-brary path>/rcppMagamSYEVD/extdata/platformstring.txt

Underfull \vbox (badness 10000) has occurred while \output is active [3]
Overfull \hbox (4.73691pt too wide) in paragraph at lines 135--153
\T1/ptm/m/n/10 Gen-er-al-ized Eigen-solver for Elec-tronic Struc-ture Cal-cu-la
-tions Based on Fine-grained Mem-ory Aware

Overfull \hbox (133.98093pt too wide) in paragraph at lines 172--172
 [] \T1/zi4/m/n/9 MagmaSolve::RunServer( matrixMaxDimension=n,  numGPUsWanted=n
gpu, memName="/syevd_mem", semName="/syevd_sem", print=0)[] 
[4] (/apps/texlive/2015/texmf-dist/tex/latex/base/utf8.def)
Overfull \hbox (7.02797pt too wide) in paragraph at lines 201--204
\T1/ptm/m/n/10 "en-vi-ron-mentSetup="env MAGMA_HOME=/data/bow355/A_275ERCP_R_MA
GMA/magma-1.7.0

Overfull \hbox (62.58807pt too wide) in paragraph at lines 214--215
[]\T1/ptm/m/n/10 - type (string) e.g. "env LD_LIBRARY_PATH=/usr/local/magma-1.7
.1:$LD_LIBRARY_PATH
(/apps/texlive/2015/texmf-dist/tex/latex/base/utf8.def) [5]
(/apps/texlive/2015/texmf-dist/tex/latex/base/utf8.def) [6]
(/apps/texlive/2015/texmf-dist/tex/latex/base/utf8.def)
No file Rd2.ind.
[7] (./Rd2.aux)

Package rerunfilecheck Warning: File `Rd2.out' has changed.
(rerunfilecheck)                Rerun to get outlines right
(rerunfilecheck)                or use package `bookmark'.

 )
(see the transcript file for additional information){/apps/texlive/2015/texmf-d
ist/fonts/enc/dvips/base/8r.enc}{/apps/texlive/2015/texmf-dist/fonts/enc/dvips/
inconsolata/i4-t1-0.enc}</apps/texlive/2015/texmf-dist/fonts/type1/public/incon
solata/Inconsolata-zi4r.pfb></apps/texlive/2015/texmf-dist/fonts/type1/urw/helv
etic/uhvr8a.pfb></apps/texlive/2015/texmf-dist/fonts/type1/urw/times/utmb8a.pfb
></apps/texlive/2015/texmf-dist/fonts/type1/urw/times/utmr8a.pfb></apps/texlive
/2015/texmf-dist/fonts/type1/urw/times/utmr8a.pfb></apps/texlive/2015/texmf-dis
t/fonts/type1/urw/times/utmri8a.pfb>
Output written on Rd2.pdf (7 pages, 94631 bytes).
Transcript written on Rd2.log.
This is makeindex, version 2.15 [TeX Live 2015] (kpathsea + Thai support).
Scanning input file Rd2.idx....done (7 entries accepted, 0 rejected).
Sorting entries....done (18 comparisons).
Generating output file Rd2.ind....done (24 lines written, 0 warnings).
Output written in Rd2.ind.
Transcript written in Rd2.ilg.
This is pdfTeX, Version 3.14159265-2.6-1.40.16 (TeX Live 2015) (preloaded format=pdflatex)
 restricted \write18 enabled.
entering extended mode
(./Rd2.tex
LaTeX2e <2016/03/31>
Babel <3.9q> and hyphenation patterns for 81 language(s) loaded.

(/apps/texlive/2015/texmf-dist/tex/latex/base/book.cls
Document Class: book 2014/09/29 v1.4h Standard LaTeX document class
(/apps/texlive/2015/texmf-dist/tex/latex/base/bk10.clo))
(/apps/R/3.6.1/lib64/R/share/texmf/tex/latex/Rd.sty
(/apps/texlive/2015/texmf-dist/tex/latex/base/ifthen.sty)
(/apps/texlive/2015/texmf-dist/tex/latex/tools/longtable.sty)
(/apps/texlive/2015/texmf-dist/tex/latex/tools/bm.sty)
(/apps/texlive/2015/texmf-dist/tex/latex/base/alltt.sty)
(/apps/texlive/2015/texmf-dist/tex/latex/tools/verbatim.sty)
(/apps/texlive/2015/texmf-dist/tex/latex/url/url.sty)
(/apps/texlive/2015/texmf-dist/tex/latex/base/textcomp.sty
(/apps/texlive/2015/texmf-dist/tex/latex/base/ts1enc.def))
(/apps/texlive/2015/texmf-dist/tex/latex/base/fontenc.sty
(/apps/texlive/2015/texmf-dist/tex/latex/base/t1enc.def))
(/apps/texlive/2015/texmf-dist/tex/latex/psnfss/times.sty)
(/apps/texlive/2015/texmf-dist/tex/latex/inconsolata/zi4.sty
`inconsolata-zi4' v1.10, 2016/02/22 Text macros for Inconsolata (msharpe)
(/apps/texlive/2015/texmf-dist/tex/latex/graphics/keyval.sty))
(/apps/texlive/2015/texmf-dist/tex/latex/graphics/color.sty
(/apps/texlive/2015/texmf-dist/tex/latex/latexconfig/color.cfg)
(/apps/texlive/2015/texmf-dist/tex/latex/pdftex-def/pdftex.def
(/apps/texlive/2015/texmf-dist/tex/generic/oberdiek/infwarerr.sty)
(/apps/texlive/2015/texmf-dist/tex/generic/oberdiek/ltxcmds.sty)))
(/apps/texlive/2015/texmf-dist/tex/latex/hyperref/hyperref.sty
(/apps/texlive/2015/texmf-dist/tex/generic/oberdiek/hobsub-hyperref.sty
(/apps/texlive/2015/texmf-dist/tex/generic/oberdiek/hobsub-generic.sty))
(/apps/texlive/2015/texmf-dist/tex/generic/ifxetex/ifxetex.sty)
(/apps/texlive/2015/texmf-dist/tex/latex/oberdiek/auxhook.sty)
(/apps/texlive/2015/texmf-dist/tex/latex/oberdiek/kvoptions.sty)
(/apps/texlive/2015/texmf-dist/tex/latex/hyperref/pd1enc.def)
(/apps/texlive/2015/texmf-dist/tex/latex/latexconfig/hyperref.cfg))

Package hyperref Message: Driver (autodetected): hpdftex.

(/apps/texlive/2015/texmf-dist/tex/latex/hyperref/hpdftex.def
(/apps/texlive/2015/texmf-dist/tex/latex/oberdiek/rerunfilecheck.sty))

Package hyperref Warning: Option `hyperindex' has already been used,
(hyperref)                setting the option has no effect on input line 377.


Package hyperref Warning: Option `pagebackref' has already been used,
(hyperref)                setting the option has no effect on input line 377.

) (/apps/texlive/2015/texmf-dist/tex/latex/base/makeidx.sty)
(/apps/texlive/2015/texmf-dist/tex/latex/base/inputenc.sty
(/apps/texlive/2015/texmf-dist/tex/latex/base/utf8.def
(/apps/texlive/2015/texmf-dist/tex/latex/base/t1enc.dfu)
(/apps/texlive/2015/texmf-dist/tex/latex/base/ot1enc.dfu)
(/apps/texlive/2015/texmf-dist/tex/latex/base/omsenc.dfu)
(/apps/texlive/2015/texmf-dist/tex/latex/base/ts1enc.dfu))
(/apps/texlive/2015/texmf-dist/tex/latex/base/latin1.def))
Writing index file Rd2.idx
(./Rd2.aux) (/apps/texlive/2015/texmf-dist/tex/latex/base/ts1cmr.fd)
(/apps/texlive/2015/texmf-dist/tex/latex/psnfss/t1ptm.fd)
(/apps/texlive/2015/texmf-dist/tex/context/base/supp-pdf.mkii
[Loading MPS to PDF converter (version 2006.09.02).]
) (/apps/texlive/2015/texmf-dist/tex/latex/hyperref/nameref.sty
(/apps/texlive/2015/texmf-dist/tex/generic/oberdiek/gettitlestring.sty))
(./Rd2.out) (./Rd2.out)
(/apps/texlive/2015/texmf-dist/tex/latex/inconsolata/t1zi4.fd)
(/apps/texlive/2015/texmf-dist/tex/latex/psnfss/t1phv.fd) (./Rd2.toc)
(/apps/texlive/2015/texmf-dist/tex/latex/base/utf8.def) [1{/apps/texlive/2015/t
exmf-var/fonts/map/pdftex/updmap/pdftex.map}]
(/apps/texlive/2015/texmf-dist/tex/latex/base/utf8.def)
Overfull \hbox (86.20477pt too wide) in paragraph at lines 75--76
[]\T1/ptm/m/n/10 Implements the sym-met-ric eigen-value de-com-po-si-tion us-in
g the MAGMA li-brary (http://icl.cs.utk.edu/magma/index.html)
[2]
Overfull \hbox (20.39626pt too wide) in paragraph at lines 77--80
[]\T1/ptm/m/n/10 Compilation of the R pack-age the 'client side' code: Op-tion-
ally set MAGMA_HOME and CUDA_ROOT

Overfull \hbox (97.43506pt too wide) in paragraph at lines 82--88
\T1/ptm/m/n/10 be-ing run on. The de-fault plat-form string is stored in a file
 in <R li-brary path>/rcppMagamSYEVD/extdata/platformstring.txt

Underfull \vbox (badness 10000) has occurred while \output is active [3]
Overfull \hbox (4.73691pt too wide) in paragraph at lines 135--153
\T1/ptm/m/n/10 Gen-er-al-ized Eigen-solver for Elec-tronic Struc-ture Cal-cu-la
-tions Based on Fine-grained Mem-ory Aware

Overfull \hbox (133.98093pt too wide) in paragraph at lines 172--172
 [] \T1/zi4/m/n/9 MagmaSolve::RunServer( matrixMaxDimension=n,  numGPUsWanted=n
gpu, memName="/syevd_mem", semName="/syevd_sem", print=0)[] 
[4] (/apps/texlive/2015/texmf-dist/tex/latex/base/utf8.def)
Overfull \hbox (7.02797pt too wide) in paragraph at lines 201--204
\T1/ptm/m/n/10 "en-vi-ron-mentSetup="env MAGMA_HOME=/data/bow355/A_275ERCP_R_MA
GMA/magma-1.7.0

Overfull \hbox (62.58807pt too wide) in paragraph at lines 214--215
[]\T1/ptm/m/n/10 - type (string) e.g. "env LD_LIBRARY_PATH=/usr/local/magma-1.7
.1:$LD_LIBRARY_PATH
(/apps/texlive/2015/texmf-dist/tex/latex/base/utf8.def) [5]
(/apps/texlive/2015/texmf-dist/tex/latex/base/utf8.def) [6]
(/apps/texlive/2015/texmf-dist/tex/latex/base/utf8.def) (./Rd2.ind [7] [8])
(./Rd2.aux)

Package rerunfilecheck Warning: File `Rd2.out' has changed.
(rerunfilecheck)                Rerun to get outlines right
(rerunfilecheck)                or use package `bookmark'.

 )
(see the transcript file for additional information){/apps/texlive/2015/texmf-d
ist/fonts/enc/dvips/base/8r.enc}{/apps/texlive/2015/texmf-dist/fonts/enc/dvips/
inconsolata/i4-t1-0.enc}</apps/texlive/2015/texmf-dist/fonts/type1/public/incon
solata/Inconsolata-zi4r.pfb></apps/texlive/2015/texmf-dist/fonts/type1/public/a
msfonts/cm/cmsy10.pfb></apps/texlive/2015/texmf-dist/fonts/type1/urw/helvetic/u
hvr8a.pfb></apps/texlive/2015/texmf-dist/fonts/type1/urw/times/utmb8a.pfb></app
s/texlive/2015/texmf-dist/fonts/type1/urw/times/utmr8a.pfb></apps/texlive/2015/
texmf-dist/fonts/type1/urw/times/utmr8a.pfb></apps/texlive/2015/texmf-dist/font
s/type1/urw/times/utmri8a.pfb>
Output written on Rd2.pdf (8 pages, 104602 bytes).
Transcript written on Rd2.log.
This is makeindex, version 2.15 [TeX Live 2015] (kpathsea + Thai support).
Scanning input file Rd2.idx....done (7 entries accepted, 0 rejected).
Sorting entries....done (18 comparisons).
Generating output file Rd2.ind....done (24 lines written, 0 warnings).
Output written in Rd2.ind.
Transcript written in Rd2.ilg.
This is pdfTeX, Version 3.14159265-2.6-1.40.16 (TeX Live 2015) (preloaded format=pdflatex)
 restricted \write18 enabled.
entering extended mode
(./Rd2.tex
LaTeX2e <2016/03/31>
Babel <3.9q> and hyphenation patterns for 81 language(s) loaded.

(/apps/texlive/2015/texmf-dist/tex/latex/base/book.cls
Document Class: book 2014/09/29 v1.4h Standard LaTeX document class
(/apps/texlive/2015/texmf-dist/tex/latex/base/bk10.clo))
(/apps/R/3.6.1/lib64/R/share/texmf/tex/latex/Rd.sty
(/apps/texlive/2015/texmf-dist/tex/latex/base/ifthen.sty)
(/apps/texlive/2015/texmf-dist/tex/latex/tools/longtable.sty)
(/apps/texlive/2015/texmf-dist/tex/latex/tools/bm.sty)
(/apps/texlive/2015/texmf-dist/tex/latex/base/alltt.sty)
(/apps/texlive/2015/texmf-dist/tex/latex/tools/verbatim.sty)
(/apps/texlive/2015/texmf-dist/tex/latex/url/url.sty)
(/apps/texlive/2015/texmf-dist/tex/latex/base/textcomp.sty
(/apps/texlive/2015/texmf-dist/tex/latex/base/ts1enc.def))
(/apps/texlive/2015/texmf-dist/tex/latex/base/fontenc.sty
(/apps/texlive/2015/texmf-dist/tex/latex/base/t1enc.def))
(/apps/texlive/2015/texmf-dist/tex/latex/psnfss/times.sty)
(/apps/texlive/2015/texmf-dist/tex/latex/inconsolata/zi4.sty
`inconsolata-zi4' v1.10, 2016/02/22 Text macros for Inconsolata (msharpe)
(/apps/texlive/2015/texmf-dist/tex/latex/graphics/keyval.sty))
(/apps/texlive/2015/texmf-dist/tex/latex/graphics/color.sty
(/apps/texlive/2015/texmf-dist/tex/latex/latexconfig/color.cfg)
(/apps/texlive/2015/texmf-dist/tex/latex/pdftex-def/pdftex.def
(/apps/texlive/2015/texmf-dist/tex/generic/oberdiek/infwarerr.sty)
(/apps/texlive/2015/texmf-dist/tex/generic/oberdiek/ltxcmds.sty)))
(/apps/texlive/2015/texmf-dist/tex/latex/hyperref/hyperref.sty
(/apps/texlive/2015/texmf-dist/tex/generic/oberdiek/hobsub-hyperref.sty
(/apps/texlive/2015/texmf-dist/tex/generic/oberdiek/hobsub-generic.sty))
(/apps/texlive/2015/texmf-dist/tex/generic/ifxetex/ifxetex.sty)
(/apps/texlive/2015/texmf-dist/tex/latex/oberdiek/auxhook.sty)
(/apps/texlive/2015/texmf-dist/tex/latex/oberdiek/kvoptions.sty)
(/apps/texlive/2015/texmf-dist/tex/latex/hyperref/pd1enc.def)
(/apps/texlive/2015/texmf-dist/tex/latex/latexconfig/hyperref.cfg))

Package hyperref Message: Driver (autodetected): hpdftex.

(/apps/texlive/2015/texmf-dist/tex/latex/hyperref/hpdftex.def
(/apps/texlive/2015/texmf-dist/tex/latex/oberdiek/rerunfilecheck.sty))

Package hyperref Warning: Option `hyperindex' has already been used,
(hyperref)                setting the option has no effect on input line 377.


Package hyperref Warning: Option `pagebackref' has already been used,
(hyperref)                setting the option has no effect on input line 377.

) (/apps/texlive/2015/texmf-dist/tex/latex/base/makeidx.sty)
(/apps/texlive/2015/texmf-dist/tex/latex/base/inputenc.sty
(/apps/texlive/2015/texmf-dist/tex/latex/base/utf8.def
(/apps/texlive/2015/texmf-dist/tex/latex/base/t1enc.dfu)
(/apps/texlive/2015/texmf-dist/tex/latex/base/ot1enc.dfu)
(/apps/texlive/2015/texmf-dist/tex/latex/base/omsenc.dfu)
(/apps/texlive/2015/texmf-dist/tex/latex/base/ts1enc.dfu))
(/apps/texlive/2015/texmf-dist/tex/latex/base/latin1.def))
Writing index file Rd2.idx
(./Rd2.aux) (/apps/texlive/2015/texmf-dist/tex/latex/base/ts1cmr.fd)
(/apps/texlive/2015/texmf-dist/tex/latex/psnfss/t1ptm.fd)
(/apps/texlive/2015/texmf-dist/tex/context/base/supp-pdf.mkii
[Loading MPS to PDF converter (version 2006.09.02).]
) (/apps/texlive/2015/texmf-dist/tex/latex/hyperref/nameref.sty
(/apps/texlive/2015/texmf-dist/tex/generic/oberdiek/gettitlestring.sty))
(./Rd2.out) (./Rd2.out)
(/apps/texlive/2015/texmf-dist/tex/latex/inconsolata/t1zi4.fd)
(/apps/texlive/2015/texmf-dist/tex/latex/psnfss/t1phv.fd) (./Rd2.toc)
(/apps/texlive/2015/texmf-dist/tex/latex/base/utf8.def) [1{/apps/texlive/2015/t
exmf-var/fonts/map/pdftex/updmap/pdftex.map}]
(/apps/texlive/2015/texmf-dist/tex/latex/base/utf8.def)
Overfull \hbox (86.20477pt too wide) in paragraph at lines 75--76
[]\T1/ptm/m/n/10 Implements the sym-met-ric eigen-value de-com-po-si-tion us-in
g the MAGMA li-brary (http://icl.cs.utk.edu/magma/index.html)
[2]
Overfull \hbox (20.39626pt too wide) in paragraph at lines 77--80
[]\T1/ptm/m/n/10 Compilation of the R pack-age the 'client side' code: Op-tion-
ally set MAGMA_HOME and CUDA_ROOT

Overfull \hbox (97.43506pt too wide) in paragraph at lines 82--88
\T1/ptm/m/n/10 be-ing run on. The de-fault plat-form string is stored in a file
 in <R li-brary path>/rcppMagamSYEVD/extdata/platformstring.txt

Underfull \vbox (badness 10000) has occurred while \output is active [3]
Overfull \hbox (4.73691pt too wide) in paragraph at lines 135--153
\T1/ptm/m/n/10 Gen-er-al-ized Eigen-solver for Elec-tronic Struc-ture Cal-cu-la
-tions Based on Fine-grained Mem-ory Aware

Overfull \hbox (133.98093pt too wide) in paragraph at lines 172--172
 [] \T1/zi4/m/n/9 MagmaSolve::RunServer( matrixMaxDimension=n,  numGPUsWanted=n
gpu, memName="/syevd_mem", semName="/syevd_sem", print=0)[] 
[4] (/apps/texlive/2015/texmf-dist/tex/latex/base/utf8.def)
Overfull \hbox (7.02797pt too wide) in paragraph at lines 201--204
\T1/ptm/m/n/10 "en-vi-ron-mentSetup="env MAGMA_HOME=/data/bow355/A_275ERCP_R_MA
GMA/magma-1.7.0

Overfull \hbox (62.58807pt too wide) in paragraph at lines 214--215
[]\T1/ptm/m/n/10 - type (string) e.g. "env LD_LIBRARY_PATH=/usr/local/magma-1.7
.1:$LD_LIBRARY_PATH
(/apps/texlive/2015/texmf-dist/tex/latex/base/utf8.def) [5]
(/apps/texlive/2015/texmf-dist/tex/latex/base/utf8.def) [6]
(/apps/texlive/2015/texmf-dist/tex/latex/base/utf8.def) (./Rd2.ind [7] [8])
(./Rd2.aux) )
(see the transcript file for additional information){/apps/texlive/2015/texmf-d
ist/fonts/enc/dvips/base/8r.enc}{/apps/texlive/2015/texmf-dist/fonts/enc/dvips/
inconsolata/i4-t1-0.enc}</apps/texlive/2015/texmf-dist/fonts/type1/public/incon
solata/Inconsolata-zi4r.pfb></apps/texlive/2015/texmf-dist/fonts/type1/public/a
msfonts/cm/cmsy10.pfb></apps/texlive/2015/texmf-dist/fonts/type1/urw/helvetic/u
hvr8a.pfb></apps/texlive/2015/texmf-dist/fonts/type1/urw/times/utmb8a.pfb></app
s/texlive/2015/texmf-dist/fonts/type1/urw/times/utmr8a.pfb></apps/texlive/2015/
texmf-dist/fonts/type1/urw/times/utmr8a.pfb></apps/texlive/2015/texmf-dist/font
s/type1/urw/times/utmri8a.pfb>
Output written on Rd2.pdf (8 pages, 104718 bytes).
Transcript written on Rd2.log.
Saving output to ‘MagmaSolve-manual.pdf’ ...
Done
You may want to clean up by 'rm -Rf /tmp/geo047.33436617/RtmpGFNM0u/Rd2pdfd17241cabf19'
